2022-12-28 23:01:09,254 INFO org.springframework.boot.StartupInfoLogger [main] Starting FakerWithAuthorizationApplicationTests using Java 17.0.2 on gtmA485 with PID 16908 (started by gtm in /home/gtm/Desktop/JsonFakerAuth)
2022-12-28 23:01:09,256 DEBUG org.springframework.boot.StartupInfoLogger [main] Running with Spring Boot v2.7.5, Spring v5.3.23
2022-12-28 23:01:09,258 INFO org.springframework.boot.SpringApplication [main] No active profile set, falling back to 1 default profile: "default"
2022-12-28 23:01:09,264 INFO org.hibernate.validator.internal.util.Version [background-preinit] HV000001: Hibernate Validator 6.2.5.Final
2022-12-28 23:01:10,497 INFO org.springframework.data.repository.config.RepositoryConfigurationDelegate [main] Bootstrapping Spring Data JPA repositories in DEFAULT mode.
2022-12-28 23:01:10,610 INFO org.springframework.data.repository.config.RepositoryConfigurationDelegate [main] Finished Spring Data repository scanning in 101 ms. Found 7 JPA repository interfaces.
2022-12-28 23:01:11,179 INFO org.springframework.context.support.PostProcessorRegistrationDelegate$BeanPostProcessorChecker [main] Bean 'SOAPConfig' of type [com.example.fakerwithauthorization.config.SOAPConfig$$EnhancerBySpringCGLIB$$2a587f20] is not eligible for getting processed by all BeanPostProcessors (for example: not eligible for auto-proxying)
2022-12-28 23:01:11,181 INFO org.springframework.context.support.PostProcessorRegistrationDelegate$BeanPostProcessorChecker [main] Bean 'org.springframework.ws.config.annotation.DelegatingWsConfiguration' of type [org.springframework.ws.config.annotation.DelegatingWsConfiguration$$EnhancerBySpringCGLIB$$93a29768] is not eligible for getting processed by all BeanPostProcessors (for example: not eligible for auto-proxying)
2022-12-28 23:01:11,337 INFO org.springframework.ws.soap.addressing.server.AbstractAddressingEndpointMapping [main] Supporting [WS-Addressing August 2004, WS-Addressing 1.0]
2022-12-28 23:01:11,975 INFO com.zaxxer.hikari.HikariDataSource [main] HikariPool-1 - Starting...
2022-12-28 23:01:12,413 INFO com.zaxxer.hikari.HikariDataSource [main] HikariPool-1 - Start completed.
2022-12-28 23:01:13,122 INFO liquibase.logging.core.JavaLogger [main] Set default schema name to public
2022-12-28 23:01:13,274 INFO liquibase.logging.core.JavaLogger [main] Successfully acquired change log lock
2022-12-28 23:01:13,668 INFO liquibase.logging.core.JavaLogger [main] Reading from public.databasechangelog
2022-12-28 23:01:13,783 INFO liquibase.logging.core.JavaLogger [main] Successfully released change log lock
2022-12-28 23:01:14,007 INFO org.hibernate.jpa.internal.util.LogHelper [main] HHH000204: Processing PersistenceUnitInfo [name: default]
2022-12-28 23:01:14,069 INFO org.hibernate.Version [main] HHH000412: Hibernate ORM core version 5.6.12.Final
2022-12-28 23:01:14,246 INFO org.hibernate.annotations.common.reflection.java.JavaReflectionManager [main] HCANN000001: Hibernate Commons Annotations {5.1.2.Final}
2022-12-28 23:01:14,418 INFO org.hibernate.dialect.Dialect [main] HHH000400: Using dialect: org.hibernate.dialect.PostgreSQL10Dialect
2022-12-28 23:01:15,282 INFO org.hibernate.engine.transaction.jta.platform.internal.JtaPlatformInitiator [main] HHH000490: Using JtaPlatform implementation: [org.hibernate.engine.transaction.jta.platform.internal.NoJtaPlatform]
2022-12-28 23:01:15,294 INFO org.springframework.orm.jpa.AbstractEntityManagerFactoryBean [main] Initialized JPA EntityManagerFactory for persistence unit 'default'
2022-12-28 23:01:15,886 WARN org.springframework.boot.autoconfigure.orm.jpa.JpaBaseConfiguration$JpaWebConfiguration [main] spring.jpa.open-in-view is enabled by default. Therefore, database queries may be performed during view rendering. Explicitly configure spring.jpa.open-in-view to disable this warning
2022-12-28 23:01:17,534 INFO org.springframework.security.web.DefaultSecurityFilterChain [main] Will secure any request with [org.springframework.security.web.session.DisableEncodeUrlFilter@2cb09f00, org.springframework.security.web.context.request.async.WebAsyncManagerIntegrationFilter@5c14c284, org.springframework.security.web.context.SecurityContextPersistenceFilter@31a1b37b, org.springframework.security.web.header.HeaderWriterFilter@25777ab6, org.springframework.web.filter.CorsFilter@1aae50f9, org.springframework.security.web.authentication.logout.LogoutFilter@4b7ab262, com.example.fakerwithauthorization.security.jwt.AuthTokenFilter@5c7a699b, org.springframework.security.web.savedrequest.RequestCacheAwareFilter@6285027a, org.springframework.security.web.servletapi.SecurityContextHolderAwareRequestFilter@59acb725, org.springframework.security.web.authentication.AnonymousAuthenticationFilter@2b53d6fc, org.springframework.security.web.session.SessionManagementFilter@2cf93603, org.springframework.security.web.access.ExceptionTranslationFilter@6a3cb81c, org.springframework.security.web.access.intercept.FilterSecurityInterceptor@6bab65b6]
2022-12-28 23:01:18,916 INFO org.springframework.boot.StartupInfoLogger [main] Started FakerWithAuthorizationApplicationTests in 10.259 seconds (JVM running for 11.707)
2022-12-28 23:01:19,211 INFO org.springframework.orm.jpa.AbstractEntityManagerFactoryBean [SpringApplicationShutdownHook] Closing JPA EntityManagerFactory for persistence unit 'default'
2022-12-28 23:01:19,213 INFO com.zaxxer.hikari.HikariDataSource [SpringApplicationShutdownHook] HikariPool-1 - Shutdown initiated...
2022-12-28 23:01:19,226 INFO com.zaxxer.hikari.HikariDataSource [SpringApplicationShutdownHook] HikariPool-1 - Shutdown completed.
2022-12-28 23:04:56,377 INFO org.hibernate.validator.internal.util.Version [background-preinit] HV000001: Hibernate Validator 6.2.5.Final
2022-12-28 23:04:56,386 INFO org.springframework.boot.StartupInfoLogger [main] Starting FakerWithAuthorizationApplication using Java 17.0.2 on gtmA485 with PID 17324 (/home/gtm/Desktop/JsonFakerAuth/target/classes started by gtm in /home/gtm/Desktop/JsonFakerAuth)
2022-12-28 23:04:56,387 DEBUG org.springframework.boot.StartupInfoLogger [main] Running with Spring Boot v2.7.5, Spring v5.3.23
2022-12-28 23:04:56,388 INFO org.springframework.boot.SpringApplication [main] No active profile set, falling back to 1 default profile: "default"
2022-12-28 23:04:57,514 INFO org.springframework.data.repository.config.RepositoryConfigurationDelegate [main] Bootstrapping Spring Data JPA repositories in DEFAULT mode.
2022-12-28 23:04:57,587 INFO org.springframework.data.repository.config.RepositoryConfigurationDelegate [main] Finished Spring Data repository scanning in 65 ms. Found 7 JPA repository interfaces.
2022-12-28 23:04:57,938 INFO org.springframework.context.support.PostProcessorRegistrationDelegate$BeanPostProcessorChecker [main] Bean 'SOAPConfig' of type [com.example.fakerwithauthorization.config.SOAPConfig$$EnhancerBySpringCGLIB$$7a35bfd8] is not eligible for getting processed by all BeanPostProcessors (for example: not eligible for auto-proxying)
2022-12-28 23:04:57,939 INFO org.springframework.context.support.PostProcessorRegistrationDelegate$BeanPostProcessorChecker [main] Bean 'org.springframework.ws.config.annotation.DelegatingWsConfiguration' of type [org.springframework.ws.config.annotation.DelegatingWsConfiguration$$EnhancerBySpringCGLIB$$e37fd820] is not eligible for getting processed by all BeanPostProcessors (for example: not eligible for auto-proxying)
2022-12-28 23:04:57,974 INFO org.springframework.ws.soap.addressing.server.AbstractAddressingEndpointMapping [main] Supporting [WS-Addressing August 2004, WS-Addressing 1.0]
2022-12-28 23:04:58,364 INFO org.springframework.boot.web.embedded.tomcat.TomcatWebServer [main] Tomcat initialized with port(s): 8080 (http)
2022-12-28 23:04:58,376 INFO org.apache.juli.logging.DirectJDKLog [main] Initializing ProtocolHandler ["http-nio-8080"]
2022-12-28 23:04:58,377 INFO org.apache.juli.logging.DirectJDKLog [main] Starting service [Tomcat]
2022-12-28 23:04:58,377 INFO org.apache.juli.logging.DirectJDKLog [main] Starting Servlet engine: [Apache Tomcat/9.0.68]
2022-12-28 23:04:58,486 INFO org.apache.juli.logging.DirectJDKLog [main] Initializing Spring embedded WebApplicationContext
2022-12-28 23:04:58,486 INFO org.springframework.boot.web.servlet.context.ServletWebServerApplicationContext [main] Root WebApplicationContext: initialization completed in 2037 ms
2022-12-28 23:04:58,934 INFO com.zaxxer.hikari.HikariDataSource [main] HikariPool-1 - Starting...
2022-12-28 23:04:59,265 INFO com.zaxxer.hikari.HikariDataSource [main] HikariPool-1 - Start completed.
2022-12-28 23:04:59,573 INFO liquibase.logging.core.JavaLogger [main] Set default schema name to public
2022-12-28 23:04:59,720 INFO liquibase.logging.core.JavaLogger [main] Successfully acquired change log lock
2022-12-28 23:05:00,123 INFO liquibase.logging.core.JavaLogger [main] Reading from public.databasechangelog
2022-12-28 23:05:00,210 INFO liquibase.logging.core.JavaLogger [main] Successfully released change log lock
2022-12-28 23:05:00,302 INFO org.hibernate.jpa.internal.util.LogHelper [main] HHH000204: Processing PersistenceUnitInfo [name: default]
2022-12-28 23:05:00,358 INFO org.hibernate.Version [main] HHH000412: Hibernate ORM core version 5.6.12.Final
2022-12-28 23:05:00,517 INFO org.hibernate.annotations.common.reflection.java.JavaReflectionManager [main] HCANN000001: Hibernate Commons Annotations {5.1.2.Final}
2022-12-28 23:05:00,642 INFO org.hibernate.dialect.Dialect [main] HHH000400: Using dialect: org.hibernate.dialect.PostgreSQL10Dialect
2022-12-28 23:05:01,718 INFO org.hibernate.engine.transaction.jta.platform.internal.JtaPlatformInitiator [main] HHH000490: Using JtaPlatform implementation: [org.hibernate.engine.transaction.jta.platform.internal.NoJtaPlatform]
2022-12-28 23:05:01,735 INFO org.springframework.orm.jpa.AbstractEntityManagerFactoryBean [main] Initialized JPA EntityManagerFactory for persistence unit 'default'
2022-12-28 23:05:02,237 WARN org.springframework.boot.autoconfigure.orm.jpa.JpaBaseConfiguration$JpaWebConfiguration [main] spring.jpa.open-in-view is enabled by default. Therefore, database queries may be performed during view rendering. Explicitly configure spring.jpa.open-in-view to disable this warning
2022-12-28 23:05:03,545 INFO org.springframework.security.web.DefaultSecurityFilterChain [main] Will secure any request with [org.springframework.security.web.session.DisableEncodeUrlFilter@222af5ff, org.springframework.security.web.context.request.async.WebAsyncManagerIntegrationFilter@70721c2d, org.springframework.security.web.context.SecurityContextPersistenceFilter@7b4b6dca, org.springframework.security.web.header.HeaderWriterFilter@32787dee, org.springframework.web.filter.CorsFilter@73e21fb5, org.springframework.security.web.authentication.logout.LogoutFilter@7508912e, com.example.fakerwithauthorization.security.jwt.AuthTokenFilter@525aadf2, org.springframework.security.web.savedrequest.RequestCacheAwareFilter@99a89e9, org.springframework.security.web.servletapi.SecurityContextHolderAwareRequestFilter@8cd00bc, org.springframework.security.web.authentication.AnonymousAuthenticationFilter@62371858, org.springframework.security.web.session.SessionManagementFilter@3e5e7f4c, org.springframework.security.web.access.ExceptionTranslationFilter@4a52178, org.springframework.security.web.access.intercept.FilterSecurityInterceptor@675c1335]
2022-12-28 23:05:04,035 INFO org.apache.juli.logging.DirectJDKLog [main] Starting ProtocolHandler ["http-nio-8080"]
2022-12-28 23:05:04,054 INFO org.springframework.boot.web.embedded.tomcat.TomcatWebServer [main] Tomcat started on port(s): 8080 (http) with context path ''
2022-12-28 23:05:04,539 INFO org.springframework.boot.StartupInfoLogger [main] Started FakerWithAuthorizationApplication in 9.063 seconds (JVM running for 10.378)
2022-12-28 23:06:39,532 INFO org.apache.juli.logging.DirectJDKLog [http-nio-8080-exec-1] Initializing Spring MessageDispatcherServlet 'messageDispatcherServlet'
2022-12-28 23:06:39,532 INFO org.springframework.web.servlet.FrameworkServlet [http-nio-8080-exec-1] Initializing Servlet 'messageDispatcherServlet'
2022-12-28 23:06:39,538 INFO org.springframework.ws.soap.saaj.SaajSoapMessageFactory [http-nio-8080-exec-1] Creating SAAJ 1.3 MessageFactory with SOAP 1.1 Protocol
2022-12-28 23:06:39,541 WARN javax.xml.soap.FactoryFinder [http-nio-8080-exec-1] Using deprecated META-INF/services mechanism with non-standard property: javax.xml.soap.MetaFactory. Property javax.xml.soap.SAAJMetaFactory should be used instead.
2022-12-28 23:06:39,562 INFO org.springframework.web.servlet.FrameworkServlet [http-nio-8080-exec-1] Completed initialization in 30 ms
2022-12-28 23:06:39,926 INFO org.apache.juli.logging.DirectJDKLog [http-nio-8080-exec-2] Initializing Spring DispatcherServlet 'dispatcherServlet'
2022-12-28 23:06:39,926 INFO org.springframework.web.servlet.FrameworkServlet [http-nio-8080-exec-2] Initializing Servlet 'dispatcherServlet'
2022-12-28 23:06:39,930 INFO org.springframework.web.servlet.FrameworkServlet [http-nio-8080-exec-2] Completed initialization in 3 ms
2022-12-28 23:06:39,934 ERROR com.example.fakerwithauthorization.security.jwt.AuthEntryPointJwt [http-nio-8080-exec-2] Unauthorized error: Full authentication is required to access this resource
2022-12-28 23:07:03,819 DEBUG com.example.fakerwithauthorization.endpoints.SoapUsersEndpoint [http-nio-8080-exec-4] SOAP User: 
