2022-12-06 15:54:01,862 INFO org.hibernate.validator.internal.util.Version [background-preinit] HV000001: Hibernate Validator 6.2.5.Final
2022-12-06 15:54:01,866 INFO org.springframework.boot.StartupInfoLogger [main] Starting FakerWithAuthorizationApplication using Java 17.0.2 on gtmA485 with PID 38751 (/home/gtm/Desktop/Esempla/JsonFakerAuth/target/classes started by gtm in /home/gtm/Desktop/Esempla/JsonFakerAuth)
2022-12-06 15:54:01,868 INFO org.springframework.boot.SpringApplication [main] No active profile set, falling back to 1 default profile: "default"
2022-12-06 15:54:02,698 INFO org.springframework.data.repository.config.RepositoryConfigurationDelegate [main] Bootstrapping Spring Data JPA repositories in DEFAULT mode.
2022-12-06 15:54:02,781 INFO org.springframework.data.repository.config.RepositoryConfigurationDelegate [main] Finished Spring Data repository scanning in 75 ms. Found 6 JPA repository interfaces.
2022-12-06 15:54:03,411 INFO org.springframework.boot.web.embedded.tomcat.TomcatWebServer [main] Tomcat initialized with port(s): 8080 (http)
2022-12-06 15:54:03,420 INFO org.apache.juli.logging.DirectJDKLog [main] Initializing ProtocolHandler ["http-nio-8080"]
2022-12-06 15:54:03,421 INFO org.apache.juli.logging.DirectJDKLog [main] Starting service [Tomcat]
2022-12-06 15:54:03,422 INFO org.apache.juli.logging.DirectJDKLog [main] Starting Servlet engine: [Apache Tomcat/9.0.68]
2022-12-06 15:54:03,517 INFO org.apache.juli.logging.DirectJDKLog [main] Initializing Spring embedded WebApplicationContext
2022-12-06 15:54:03,518 INFO org.springframework.boot.web.servlet.context.ServletWebServerApplicationContext [main] Root WebApplicationContext: initialization completed in 1589 ms
2022-12-06 15:54:03,820 INFO com.zaxxer.hikari.HikariDataSource [main] HikariPool-1 - Starting...
2022-12-06 15:54:04,103 INFO com.zaxxer.hikari.HikariDataSource [main] HikariPool-1 - Start completed.
2022-12-06 15:54:04,359 INFO liquibase.logging.core.JavaLogger [main] Set default schema name to public
2022-12-06 15:54:04,476 INFO liquibase.logging.core.JavaLogger [main] Successfully acquired change log lock
2022-12-06 15:54:04,872 INFO liquibase.logging.core.JavaLogger [main] Reading from public.databasechangelog
2022-12-06 15:54:04,958 INFO liquibase.logging.core.JavaLogger [main] Successfully released change log lock
2022-12-06 15:54:05,041 INFO org.hibernate.jpa.internal.util.LogHelper [main] HHH000204: Processing PersistenceUnitInfo [name: default]
2022-12-06 15:54:05,090 INFO org.hibernate.Version [main] HHH000412: Hibernate ORM core version 5.6.12.Final
2022-12-06 15:54:05,256 INFO org.hibernate.annotations.common.reflection.java.JavaReflectionManager [main] HCANN000001: Hibernate Commons Annotations {5.1.2.Final}
2022-12-06 15:54:05,374 INFO org.hibernate.dialect.Dialect [main] HHH000400: Using dialect: org.hibernate.dialect.PostgreSQL10Dialect
2022-12-06 15:54:06,153 INFO org.hibernate.engine.transaction.jta.platform.internal.JtaPlatformInitiator [main] HHH000490: Using JtaPlatform implementation: [org.hibernate.engine.transaction.jta.platform.internal.NoJtaPlatform]
2022-12-06 15:54:06,169 INFO org.springframework.orm.jpa.AbstractEntityManagerFactoryBean [main] Initialized JPA EntityManagerFactory for persistence unit 'default'
2022-12-06 15:54:06,543 WARN org.springframework.boot.autoconfigure.orm.jpa.JpaBaseConfiguration$JpaWebConfiguration [main] spring.jpa.open-in-view is enabled by default. Therefore, database queries may be performed during view rendering. Explicitly configure spring.jpa.open-in-view to disable this warning
2022-12-06 15:54:07,214 INFO org.springframework.security.web.DefaultSecurityFilterChain [main] Will secure any request with [org.springframework.security.web.session.DisableEncodeUrlFilter@41f84bb1, org.springframework.security.web.context.request.async.WebAsyncManagerIntegrationFilter@5013c6bc, org.springframework.security.web.context.SecurityContextPersistenceFilter@1e834a5b, org.springframework.security.web.header.HeaderWriterFilter@5e528476, org.springframework.web.filter.CorsFilter@6527f68a, org.springframework.security.web.authentication.logout.LogoutFilter@4f1ea463, com.example.fakerwithauthorization.security.jwt.AuthTokenFilter@18711946, org.springframework.security.web.savedrequest.RequestCacheAwareFilter@313a3af8, org.springframework.security.web.servletapi.SecurityContextHolderAwareRequestFilter@5d1907fb, org.springframework.security.web.authentication.AnonymousAuthenticationFilter@741687d4, org.springframework.security.web.session.SessionManagementFilter@4ad57db1, org.springframework.security.web.access.ExceptionTranslationFilter@4117e0c9, org.springframework.security.web.access.intercept.FilterSecurityInterceptor@6c2a7c73]
2022-12-06 15:54:07,708 INFO org.apache.juli.logging.DirectJDKLog [main] Starting ProtocolHandler ["http-nio-8080"]
2022-12-06 15:54:07,732 INFO org.springframework.boot.web.embedded.tomcat.TomcatWebServer [main] Tomcat started on port(s): 8080 (http) with context path ''
2022-12-06 15:54:07,753 INFO org.springframework.boot.StartupInfoLogger [main] Started FakerWithAuthorizationApplication in 6.529 seconds (JVM running for 7.32)
2022-12-06 16:02:57,554 INFO org.springframework.orm.jpa.AbstractEntityManagerFactoryBean [SpringApplicationShutdownHook] Closing JPA EntityManagerFactory for persistence unit 'default'
2022-12-06 16:02:57,556 INFO com.zaxxer.hikari.HikariDataSource [SpringApplicationShutdownHook] HikariPool-1 - Shutdown initiated...
2022-12-06 16:02:57,568 INFO com.zaxxer.hikari.HikariDataSource [SpringApplicationShutdownHook] HikariPool-1 - Shutdown completed.
2022-12-06 16:03:01,210 INFO org.springframework.boot.StartupInfoLogger [main] Starting FakerWithAuthorizationApplication using Java 17.0.2 on gtmA485 with PID 39650 (/home/gtm/Desktop/Esempla/JsonFakerAuth/target/classes started by gtm in /home/gtm/Desktop/Esempla/JsonFakerAuth)
2022-12-06 16:03:01,210 INFO org.hibernate.validator.internal.util.Version [background-preinit] HV000001: Hibernate Validator 6.2.5.Final
2022-12-06 16:03:01,214 INFO org.springframework.boot.SpringApplication [main] No active profile set, falling back to 1 default profile: "default"
2022-12-06 16:03:02,049 INFO org.springframework.data.repository.config.RepositoryConfigurationDelegate [main] Bootstrapping Spring Data JPA repositories in DEFAULT mode.
2022-12-06 16:03:02,127 INFO org.springframework.data.repository.config.RepositoryConfigurationDelegate [main] Finished Spring Data repository scanning in 70 ms. Found 6 JPA repository interfaces.
2022-12-06 16:03:02,779 INFO org.springframework.boot.web.embedded.tomcat.TomcatWebServer [main] Tomcat initialized with port(s): 8080 (http)
2022-12-06 16:03:02,790 INFO org.apache.juli.logging.DirectJDKLog [main] Initializing ProtocolHandler ["http-nio-8080"]
2022-12-06 16:03:02,791 INFO org.apache.juli.logging.DirectJDKLog [main] Starting service [Tomcat]
2022-12-06 16:03:02,791 INFO org.apache.juli.logging.DirectJDKLog [main] Starting Servlet engine: [Apache Tomcat/9.0.68]
2022-12-06 16:03:02,883 INFO org.apache.juli.logging.DirectJDKLog [main] Initializing Spring embedded WebApplicationContext
2022-12-06 16:03:02,883 INFO org.springframework.boot.web.servlet.context.ServletWebServerApplicationContext [main] Root WebApplicationContext: initialization completed in 1600 ms
2022-12-06 16:03:03,201 INFO com.zaxxer.hikari.HikariDataSource [main] HikariPool-1 - Starting...
2022-12-06 16:03:03,528 INFO com.zaxxer.hikari.HikariDataSource [main] HikariPool-1 - Start completed.
2022-12-06 16:03:03,854 INFO liquibase.logging.core.JavaLogger [main] Set default schema name to public
2022-12-06 16:03:03,955 INFO liquibase.logging.core.JavaLogger [main] Successfully acquired change log lock
2022-12-06 16:03:04,327 INFO liquibase.logging.core.JavaLogger [main] Reading from public.databasechangelog
2022-12-06 16:03:04,412 INFO liquibase.logging.core.JavaLogger [main] Successfully released change log lock
2022-12-06 16:03:04,489 INFO org.hibernate.jpa.internal.util.LogHelper [main] HHH000204: Processing PersistenceUnitInfo [name: default]
2022-12-06 16:03:04,539 INFO org.hibernate.Version [main] HHH000412: Hibernate ORM core version 5.6.12.Final
2022-12-06 16:03:04,692 INFO org.hibernate.annotations.common.reflection.java.JavaReflectionManager [main] HCANN000001: Hibernate Commons Annotations {5.1.2.Final}
2022-12-06 16:03:04,812 INFO org.hibernate.dialect.Dialect [main] HHH000400: Using dialect: org.hibernate.dialect.PostgreSQL10Dialect
2022-12-06 16:03:05,604 INFO org.hibernate.engine.transaction.jta.platform.internal.JtaPlatformInitiator [main] HHH000490: Using JtaPlatform implementation: [org.hibernate.engine.transaction.jta.platform.internal.NoJtaPlatform]
2022-12-06 16:03:05,613 INFO org.springframework.orm.jpa.AbstractEntityManagerFactoryBean [main] Initialized JPA EntityManagerFactory for persistence unit 'default'
2022-12-06 16:03:06,059 WARN org.springframework.boot.autoconfigure.orm.jpa.JpaBaseConfiguration$JpaWebConfiguration [main] spring.jpa.open-in-view is enabled by default. Therefore, database queries may be performed during view rendering. Explicitly configure spring.jpa.open-in-view to disable this warning
2022-12-06 16:03:06,627 INFO org.springframework.security.web.DefaultSecurityFilterChain [main] Will secure any request with [org.springframework.security.web.session.DisableEncodeUrlFilter@569d6e0d, org.springframework.security.web.context.request.async.WebAsyncManagerIntegrationFilter@43069adf, org.springframework.security.web.context.SecurityContextPersistenceFilter@282079b9, org.springframework.security.web.header.HeaderWriterFilter@1eaf4e77, org.springframework.web.filter.CorsFilter@18edbed9, org.springframework.security.web.authentication.logout.LogoutFilter@569b3009, com.example.fakerwithauthorization.security.jwt.AuthTokenFilter@2b8b5d9e, org.springframework.security.web.savedrequest.RequestCacheAwareFilter@4e6add8d, org.springframework.security.web.servletapi.SecurityContextHolderAwareRequestFilter@579cfcc4, org.springframework.security.web.authentication.AnonymousAuthenticationFilter@4823f4d0, org.springframework.security.web.session.SessionManagementFilter@713c8cbb, org.springframework.security.web.access.ExceptionTranslationFilter@7a79a5d6, org.springframework.security.web.access.intercept.FilterSecurityInterceptor@318353]
2022-12-06 16:03:07,012 INFO org.apache.juli.logging.DirectJDKLog [main] Starting ProtocolHandler ["http-nio-8080"]
2022-12-06 16:03:07,036 INFO org.springframework.boot.web.embedded.tomcat.TomcatWebServer [main] Tomcat started on port(s): 8080 (http) with context path ''
2022-12-06 16:03:07,060 INFO org.springframework.boot.StartupInfoLogger [main] Started FakerWithAuthorizationApplication in 6.599 seconds (JVM running for 7.583)
2022-12-06 16:06:37,242 INFO org.springframework.orm.jpa.AbstractEntityManagerFactoryBean [SpringApplicationShutdownHook] Closing JPA EntityManagerFactory for persistence unit 'default'
2022-12-06 16:06:37,245 INFO com.zaxxer.hikari.HikariDataSource [SpringApplicationShutdownHook] HikariPool-1 - Shutdown initiated...
2022-12-06 16:06:37,258 INFO com.zaxxer.hikari.HikariDataSource [SpringApplicationShutdownHook] HikariPool-1 - Shutdown completed.
2022-12-06 16:06:40,745 INFO org.hibernate.validator.internal.util.Version [background-preinit] HV000001: Hibernate Validator 6.2.5.Final
2022-12-06 16:06:40,757 INFO org.springframework.boot.StartupInfoLogger [main] Starting FakerWithAuthorizationApplication using Java 17.0.2 on gtmA485 with PID 40026 (/home/gtm/Desktop/Esempla/JsonFakerAuth/target/classes started by gtm in /home/gtm/Desktop/Esempla/JsonFakerAuth)
2022-12-06 16:06:40,758 DEBUG org.springframework.boot.StartupInfoLogger [main] Running with Spring Boot v2.7.5, Spring v5.3.23
2022-12-06 16:06:40,759 INFO org.springframework.boot.SpringApplication [main] No active profile set, falling back to 1 default profile: "default"
2022-12-06 16:06:41,564 INFO org.springframework.data.repository.config.RepositoryConfigurationDelegate [main] Bootstrapping Spring Data JPA repositories in DEFAULT mode.
2022-12-06 16:06:41,647 INFO org.springframework.data.repository.config.RepositoryConfigurationDelegate [main] Finished Spring Data repository scanning in 75 ms. Found 6 JPA repository interfaces.
2022-12-06 16:06:42,302 INFO org.springframework.boot.web.embedded.tomcat.TomcatWebServer [main] Tomcat initialized with port(s): 8080 (http)
2022-12-06 16:06:42,311 INFO org.apache.juli.logging.DirectJDKLog [main] Initializing ProtocolHandler ["http-nio-8080"]
2022-12-06 16:06:42,312 INFO org.apache.juli.logging.DirectJDKLog [main] Starting service [Tomcat]
2022-12-06 16:06:42,312 INFO org.apache.juli.logging.DirectJDKLog [main] Starting Servlet engine: [Apache Tomcat/9.0.68]
2022-12-06 16:06:42,422 INFO org.apache.juli.logging.DirectJDKLog [main] Initializing Spring embedded WebApplicationContext
2022-12-06 16:06:42,423 INFO org.springframework.boot.web.servlet.context.ServletWebServerApplicationContext [main] Root WebApplicationContext: initialization completed in 1601 ms
2022-12-06 16:06:42,730 INFO com.zaxxer.hikari.HikariDataSource [main] HikariPool-1 - Starting...
2022-12-06 16:06:43,016 INFO com.zaxxer.hikari.HikariDataSource [main] HikariPool-1 - Start completed.
2022-12-06 16:06:43,285 INFO liquibase.logging.core.JavaLogger [main] Set default schema name to public
2022-12-06 16:06:43,405 INFO liquibase.logging.core.JavaLogger [main] Successfully acquired change log lock
2022-12-06 16:06:43,765 INFO liquibase.logging.core.JavaLogger [main] Reading from public.databasechangelog
2022-12-06 16:06:43,850 INFO liquibase.logging.core.JavaLogger [main] Successfully released change log lock
2022-12-06 16:06:43,922 INFO org.hibernate.jpa.internal.util.LogHelper [main] HHH000204: Processing PersistenceUnitInfo [name: default]
2022-12-06 16:06:43,965 INFO org.hibernate.Version [main] HHH000412: Hibernate ORM core version 5.6.12.Final
2022-12-06 16:06:44,124 INFO org.hibernate.annotations.common.reflection.java.JavaReflectionManager [main] HCANN000001: Hibernate Commons Annotations {5.1.2.Final}
2022-12-06 16:06:44,263 INFO org.hibernate.dialect.Dialect [main] HHH000400: Using dialect: org.hibernate.dialect.PostgreSQL10Dialect
2022-12-06 16:06:44,967 INFO org.hibernate.engine.transaction.jta.platform.internal.JtaPlatformInitiator [main] HHH000490: Using JtaPlatform implementation: [org.hibernate.engine.transaction.jta.platform.internal.NoJtaPlatform]
2022-12-06 16:06:44,976 INFO org.springframework.orm.jpa.AbstractEntityManagerFactoryBean [main] Initialized JPA EntityManagerFactory for persistence unit 'default'
2022-12-06 16:06:45,368 WARN org.springframework.boot.autoconfigure.orm.jpa.JpaBaseConfiguration$JpaWebConfiguration [main] spring.jpa.open-in-view is enabled by default. Therefore, database queries may be performed during view rendering. Explicitly configure spring.jpa.open-in-view to disable this warning
2022-12-06 16:06:45,441 DEBUG org.springframework.web.filter.GenericFilterBean [main] Filter 'authenticationJwtTokenFilter' configured for use
2022-12-06 16:06:46,004 INFO org.springframework.security.web.DefaultSecurityFilterChain [main] Will secure any request with [org.springframework.security.web.session.DisableEncodeUrlFilter@2cd6fae8, org.springframework.security.web.context.request.async.WebAsyncManagerIntegrationFilter@7d5ddfac, org.springframework.security.web.context.SecurityContextPersistenceFilter@14af9f51, org.springframework.security.web.header.HeaderWriterFilter@66450129, org.springframework.web.filter.CorsFilter@72ea5674, org.springframework.security.web.authentication.logout.LogoutFilter@34947355, com.example.fakerwithauthorization.security.jwt.AuthTokenFilter@673e1cf2, org.springframework.security.web.savedrequest.RequestCacheAwareFilter@4f466207, org.springframework.security.web.servletapi.SecurityContextHolderAwareRequestFilter@16422f27, org.springframework.security.web.authentication.AnonymousAuthenticationFilter@7ecd6861, org.springframework.security.web.session.SessionManagementFilter@4a5eb613, org.springframework.security.web.access.ExceptionTranslationFilter@67fda9fb, org.springframework.security.web.access.intercept.FilterSecurityInterceptor@70313b0b]
2022-12-06 16:06:46,294 INFO org.apache.juli.logging.DirectJDKLog [main] Starting ProtocolHandler ["http-nio-8080"]
2022-12-06 16:06:46,312 INFO org.springframework.boot.web.embedded.tomcat.TomcatWebServer [main] Tomcat started on port(s): 8080 (http) with context path ''
2022-12-06 16:06:46,325 INFO org.springframework.boot.StartupInfoLogger [main] Started FakerWithAuthorizationApplication in 6.245 seconds (JVM running for 7.184)
2022-12-06 16:36:06,032 INFO org.springframework.orm.jpa.AbstractEntityManagerFactoryBean [SpringApplicationShutdownHook] Closing JPA EntityManagerFactory for persistence unit 'default'
2022-12-06 16:36:06,039 INFO com.zaxxer.hikari.HikariDataSource [SpringApplicationShutdownHook] HikariPool-1 - Shutdown initiated...
2022-12-06 16:36:06,053 INFO com.zaxxer.hikari.HikariDataSource [SpringApplicationShutdownHook] HikariPool-1 - Shutdown completed.
2022-12-06 16:36:09,416 ERROR org.springframework.boot.SpringApplication [main] Application run failed
java.lang.IllegalStateException: java.lang.IllegalStateException: Logback configuration error detected: 
ERROR in ch.qos.logback.core.rolling.RollingFileAppender[SecurityRollingFile] - 'FileNamePattern' option has the same value "./logs/archived/spring-boot-logger-%d{yyyy-MM-dd}.%i.log" as that given for appender [RollingFile] defined earlier.
ERROR in ch.qos.logback.core.rolling.RollingFileAppender[SecurityRollingFile] - Collisions detected with FileAppender/RollingAppender instances defined earlier. Aborting.
ERROR in ch.qos.logback.core.rolling.RollingFileAppender[SecurityRollingFile] - For more information, please visit http://logback.qos.ch/codes.html#earlier_fa_collision
	at org.springframework.boot.context.logging.LoggingApplicationListener.initializeSystem(LoggingApplicationListener.java:344)
	at org.springframework.boot.context.logging.LoggingApplicationListener.initialize(LoggingApplicationListener.java:298)
	at org.springframework.boot.context.logging.LoggingApplicationListener.onApplicationEnvironmentPreparedEvent(LoggingApplicationListener.java:246)
	at org.springframework.boot.context.logging.LoggingApplicationListener.onApplicationEvent(LoggingApplicationListener.java:223)
	at org.springframework.context.event.SimpleApplicationEventMulticaster.doInvokeListener(SimpleApplicationEventMulticaster.java:176)
	at org.springframework.context.event.SimpleApplicationEventMulticaster.invokeListener(SimpleApplicationEventMulticaster.java:169)
	at org.springframework.context.event.SimpleApplicationEventMulticaster.multicastEvent(SimpleApplicationEventMulticaster.java:143)
	at org.springframework.context.event.SimpleApplicationEventMulticaster.multicastEvent(SimpleApplicationEventMulticaster.java:131)
	at org.springframework.boot.context.event.EventPublishingRunListener.environmentPrepared(EventPublishingRunListener.java:85)
	at org.springframework.boot.SpringApplicationRunListeners.lambda$environmentPrepared$2(SpringApplicationRunListeners.java:66)
	at java.base/java.util.ArrayList.forEach(ArrayList.java:1511)
	at org.springframework.boot.SpringApplicationRunListeners.doWithListeners(SpringApplicationRunListeners.java:120)
	at org.springframework.boot.SpringApplicationRunListeners.doWithListeners(SpringApplicationRunListeners.java:114)
	at org.springframework.boot.SpringApplicationRunListeners.environmentPrepared(SpringApplicationRunListeners.java:65)
	at org.springframework.boot.SpringApplication.prepareEnvironment(SpringApplication.java:344)
	at org.springframework.boot.SpringApplication.run(SpringApplication.java:302)
	at org.springframework.boot.SpringApplication.run(SpringApplication.java:1306)
	at org.springframework.boot.SpringApplication.run(SpringApplication.java:1295)
	at com.example.fakerwithauthorization.FakerWithAuthorizationApplication.main(FakerWithAuthorizationApplication.java:10)
Caused by: java.lang.IllegalStateException: Logback configuration error detected: 
ERROR in ch.qos.logback.core.rolling.RollingFileAppender[SecurityRollingFile] - 'FileNamePattern' option has the same value "./logs/archived/spring-boot-logger-%d{yyyy-MM-dd}.%i.log" as that given for appender [RollingFile] defined earlier.
ERROR in ch.qos.logback.core.rolling.RollingFileAppender[SecurityRollingFile] - Collisions detected with FileAppender/RollingAppender instances defined earlier. Aborting.
ERROR in ch.qos.logback.core.rolling.RollingFileAppender[SecurityRollingFile] - For more information, please visit http://logback.qos.ch/codes.html#earlier_fa_collision
	at org.springframework.boot.logging.logback.LogbackLoggingSystem.loadConfiguration(LogbackLoggingSystem.java:179)
	at org.springframework.boot.logging.AbstractLoggingSystem.initializeWithConventions(AbstractLoggingSystem.java:80)
	at org.springframework.boot.logging.AbstractLoggingSystem.initialize(AbstractLoggingSystem.java:60)
	at org.springframework.boot.logging.logback.LogbackLoggingSystem.initialize(LogbackLoggingSystem.java:132)
	at org.springframework.boot.context.logging.LoggingApplicationListener.initializeSystem(LoggingApplicationListener.java:329)
	... 18 common frames omitted
2022-12-06 16:38:56,030 ERROR org.springframework.boot.SpringApplication [main] Application run failed
java.lang.IllegalStateException: java.lang.IllegalStateException: Logback configuration error detected: 
ERROR in ch.qos.logback.core.joran.action.AppenderAction - Could not create an Appender of type [ch.qos.logback.core.rolling.SecurityRollingFileAppender]. ch.qos.logback.core.util.DynamicClassLoadingException: Failed to instantiate type ch.qos.logback.core.rolling.SecurityRollingFileAppender
ERROR in ch.qos.logback.core.joran.spi.Interpreter@36:79 - ActionException in Action for tag [appender] ch.qos.logback.core.joran.spi.ActionException: ch.qos.logback.core.util.DynamicClassLoadingException: Failed to instantiate type ch.qos.logback.core.rolling.SecurityRollingFileAppender
ERROR in ch.qos.logback.core.joran.action.AppenderRefAction - Could not find an appender named [SecurityRollingFile]. Did you define it below instead of above in the configuration file?
ERROR in ch.qos.logback.core.joran.action.AppenderRefAction - See http://logback.qos.ch/codes.html#appender_order for more details.
	at org.springframework.boot.context.logging.LoggingApplicationListener.initializeSystem(LoggingApplicationListener.java:344)
	at org.springframework.boot.context.logging.LoggingApplicationListener.initialize(LoggingApplicationListener.java:298)
	at org.springframework.boot.context.logging.LoggingApplicationListener.onApplicationEnvironmentPreparedEvent(LoggingApplicationListener.java:246)
	at org.springframework.boot.context.logging.LoggingApplicationListener.onApplicationEvent(LoggingApplicationListener.java:223)
	at org.springframework.context.event.SimpleApplicationEventMulticaster.doInvokeListener(SimpleApplicationEventMulticaster.java:176)
	at org.springframework.context.event.SimpleApplicationEventMulticaster.invokeListener(SimpleApplicationEventMulticaster.java:169)
	at org.springframework.context.event.SimpleApplicationEventMulticaster.multicastEvent(SimpleApplicationEventMulticaster.java:143)
	at org.springframework.context.event.SimpleApplicationEventMulticaster.multicastEvent(SimpleApplicationEventMulticaster.java:131)
	at org.springframework.boot.context.event.EventPublishingRunListener.environmentPrepared(EventPublishingRunListener.java:85)
	at org.springframework.boot.SpringApplicationRunListeners.lambda$environmentPrepared$2(SpringApplicationRunListeners.java:66)
	at java.base/java.util.ArrayList.forEach(ArrayList.java:1511)
	at org.springframework.boot.SpringApplicationRunListeners.doWithListeners(SpringApplicationRunListeners.java:120)
	at org.springframework.boot.SpringApplicationRunListeners.doWithListeners(SpringApplicationRunListeners.java:114)
	at org.springframework.boot.SpringApplicationRunListeners.environmentPrepared(SpringApplicationRunListeners.java:65)
	at org.springframework.boot.SpringApplication.prepareEnvironment(SpringApplication.java:344)
	at org.springframework.boot.SpringApplication.run(SpringApplication.java:302)
	at org.springframework.boot.SpringApplication.run(SpringApplication.java:1306)
	at org.springframework.boot.SpringApplication.run(SpringApplication.java:1295)
	at com.example.fakerwithauthorization.FakerWithAuthorizationApplication.main(FakerWithAuthorizationApplication.java:10)
Caused by: java.lang.IllegalStateException: Logback configuration error detected: 
ERROR in ch.qos.logback.core.joran.action.AppenderAction - Could not create an Appender of type [ch.qos.logback.core.rolling.SecurityRollingFileAppender]. ch.qos.logback.core.util.DynamicClassLoadingException: Failed to instantiate type ch.qos.logback.core.rolling.SecurityRollingFileAppender
ERROR in ch.qos.logback.core.joran.spi.Interpreter@36:79 - ActionException in Action for tag [appender] ch.qos.logback.core.joran.spi.ActionException: ch.qos.logback.core.util.DynamicClassLoadingException: Failed to instantiate type ch.qos.logback.core.rolling.SecurityRollingFileAppender
ERROR in ch.qos.logback.core.joran.action.AppenderRefAction - Could not find an appender named [SecurityRollingFile]. Did you define it below instead of above in the configuration file?
ERROR in ch.qos.logback.core.joran.action.AppenderRefAction - See http://logback.qos.ch/codes.html#appender_order for more details.
	at org.springframework.boot.logging.logback.LogbackLoggingSystem.loadConfiguration(LogbackLoggingSystem.java:179)
	at org.springframework.boot.logging.AbstractLoggingSystem.initializeWithConventions(AbstractLoggingSystem.java:80)
	at org.springframework.boot.logging.AbstractLoggingSystem.initialize(AbstractLoggingSystem.java:60)
	at org.springframework.boot.logging.logback.LogbackLoggingSystem.initialize(LogbackLoggingSystem.java:132)
	at org.springframework.boot.context.logging.LoggingApplicationListener.initializeSystem(LoggingApplicationListener.java:329)
	... 18 common frames omitted
2022-12-06 16:39:04,810 ERROR org.springframework.boot.SpringApplication [main] Application run failed
java.lang.IllegalStateException: java.lang.IllegalStateException: Logback configuration error detected: 
ERROR in ch.qos.logback.core.joran.action.AppenderAction - Could not create an Appender of type [ch.qos.logback.core.rolling.SecurityRollingFileAppender]. ch.qos.logback.core.util.DynamicClassLoadingException: Failed to instantiate type ch.qos.logback.core.rolling.SecurityRollingFileAppender
ERROR in ch.qos.logback.core.joran.spi.Interpreter@36:79 - ActionException in Action for tag [appender] ch.qos.logback.core.joran.spi.ActionException: ch.qos.logback.core.util.DynamicClassLoadingException: Failed to instantiate type ch.qos.logback.core.rolling.SecurityRollingFileAppender
ERROR in ch.qos.logback.core.joran.action.AppenderRefAction - Could not find an appender named [SecurityRollingFile]. Did you define it below instead of above in the configuration file?
ERROR in ch.qos.logback.core.joran.action.AppenderRefAction - See http://logback.qos.ch/codes.html#appender_order for more details.
	at org.springframework.boot.context.logging.LoggingApplicationListener.initializeSystem(LoggingApplicationListener.java:344)
	at org.springframework.boot.context.logging.LoggingApplicationListener.initialize(LoggingApplicationListener.java:298)
	at org.springframework.boot.context.logging.LoggingApplicationListener.onApplicationEnvironmentPreparedEvent(LoggingApplicationListener.java:246)
	at org.springframework.boot.context.logging.LoggingApplicationListener.onApplicationEvent(LoggingApplicationListener.java:223)
	at org.springframework.context.event.SimpleApplicationEventMulticaster.doInvokeListener(SimpleApplicationEventMulticaster.java:176)
	at org.springframework.context.event.SimpleApplicationEventMulticaster.invokeListener(SimpleApplicationEventMulticaster.java:169)
	at org.springframework.context.event.SimpleApplicationEventMulticaster.multicastEvent(SimpleApplicationEventMulticaster.java:143)
	at org.springframework.context.event.SimpleApplicationEventMulticaster.multicastEvent(SimpleApplicationEventMulticaster.java:131)
	at org.springframework.boot.context.event.EventPublishingRunListener.environmentPrepared(EventPublishingRunListener.java:85)
	at org.springframework.boot.SpringApplicationRunListeners.lambda$environmentPrepared$2(SpringApplicationRunListeners.java:66)
	at java.base/java.util.ArrayList.forEach(ArrayList.java:1511)
	at org.springframework.boot.SpringApplicationRunListeners.doWithListeners(SpringApplicationRunListeners.java:120)
	at org.springframework.boot.SpringApplicationRunListeners.doWithListeners(SpringApplicationRunListeners.java:114)
	at org.springframework.boot.SpringApplicationRunListeners.environmentPrepared(SpringApplicationRunListeners.java:65)
	at org.springframework.boot.SpringApplication.prepareEnvironment(SpringApplication.java:344)
	at org.springframework.boot.SpringApplication.run(SpringApplication.java:302)
	at org.springframework.boot.SpringApplication.run(SpringApplication.java:1306)
	at org.springframework.boot.SpringApplication.run(SpringApplication.java:1295)
	at com.example.fakerwithauthorization.FakerWithAuthorizationApplication.main(FakerWithAuthorizationApplication.java:10)
Caused by: java.lang.IllegalStateException: Logback configuration error detected: 
ERROR in ch.qos.logback.core.joran.action.AppenderAction - Could not create an Appender of type [ch.qos.logback.core.rolling.SecurityRollingFileAppender]. ch.qos.logback.core.util.DynamicClassLoadingException: Failed to instantiate type ch.qos.logback.core.rolling.SecurityRollingFileAppender
ERROR in ch.qos.logback.core.joran.spi.Interpreter@36:79 - ActionException in Action for tag [appender] ch.qos.logback.core.joran.spi.ActionException: ch.qos.logback.core.util.DynamicClassLoadingException: Failed to instantiate type ch.qos.logback.core.rolling.SecurityRollingFileAppender
ERROR in ch.qos.logback.core.joran.action.AppenderRefAction - Could not find an appender named [SecurityRollingFile]. Did you define it below instead of above in the configuration file?
ERROR in ch.qos.logback.core.joran.action.AppenderRefAction - See http://logback.qos.ch/codes.html#appender_order for more details.
	at org.springframework.boot.logging.logback.LogbackLoggingSystem.loadConfiguration(LogbackLoggingSystem.java:179)
	at org.springframework.boot.logging.AbstractLoggingSystem.initializeWithConventions(AbstractLoggingSystem.java:80)
	at org.springframework.boot.logging.AbstractLoggingSystem.initialize(AbstractLoggingSystem.java:60)
	at org.springframework.boot.logging.logback.LogbackLoggingSystem.initialize(LogbackLoggingSystem.java:132)
	at org.springframework.boot.context.logging.LoggingApplicationListener.initializeSystem(LoggingApplicationListener.java:329)
	... 18 common frames omitted
2022-12-06 16:42:03,511 ERROR org.springframework.boot.SpringApplication [main] Application run failed
java.lang.IllegalStateException: java.lang.IllegalStateException: Logback configuration error detected: 
ERROR in ch.qos.logback.core.rolling.RollingFileAppender[Security] - 'FileNamePattern' option has the same value "./logs/archived/spring-boot-logger-%d{yyyy-MM-dd}.%i.log" as that given for appender [RollingFile] defined earlier.
ERROR in ch.qos.logback.core.rolling.RollingFileAppender[Security] - Collisions detected with FileAppender/RollingAppender instances defined earlier. Aborting.
ERROR in ch.qos.logback.core.rolling.RollingFileAppender[Security] - For more information, please visit http://logback.qos.ch/codes.html#earlier_fa_collision
	at org.springframework.boot.context.logging.LoggingApplicationListener.initializeSystem(LoggingApplicationListener.java:344)
	at org.springframework.boot.context.logging.LoggingApplicationListener.initialize(LoggingApplicationListener.java:298)
	at org.springframework.boot.context.logging.LoggingApplicationListener.onApplicationEnvironmentPreparedEvent(LoggingApplicationListener.java:246)
	at org.springframework.boot.context.logging.LoggingApplicationListener.onApplicationEvent(LoggingApplicationListener.java:223)
	at org.springframework.context.event.SimpleApplicationEventMulticaster.doInvokeListener(SimpleApplicationEventMulticaster.java:176)
	at org.springframework.context.event.SimpleApplicationEventMulticaster.invokeListener(SimpleApplicationEventMulticaster.java:169)
	at org.springframework.context.event.SimpleApplicationEventMulticaster.multicastEvent(SimpleApplicationEventMulticaster.java:143)
	at org.springframework.context.event.SimpleApplicationEventMulticaster.multicastEvent(SimpleApplicationEventMulticaster.java:131)
	at org.springframework.boot.context.event.EventPublishingRunListener.environmentPrepared(EventPublishingRunListener.java:85)
	at org.springframework.boot.SpringApplicationRunListeners.lambda$environmentPrepared$2(SpringApplicationRunListeners.java:66)
	at java.base/java.util.ArrayList.forEach(ArrayList.java:1511)
	at org.springframework.boot.SpringApplicationRunListeners.doWithListeners(SpringApplicationRunListeners.java:120)
	at org.springframework.boot.SpringApplicationRunListeners.doWithListeners(SpringApplicationRunListeners.java:114)
	at org.springframework.boot.SpringApplicationRunListeners.environmentPrepared(SpringApplicationRunListeners.java:65)
	at org.springframework.boot.SpringApplication.prepareEnvironment(SpringApplication.java:344)
	at org.springframework.boot.SpringApplication.run(SpringApplication.java:302)
	at org.springframework.boot.SpringApplication.run(SpringApplication.java:1306)
	at org.springframework.boot.SpringApplication.run(SpringApplication.java:1295)
	at com.example.fakerwithauthorization.FakerWithAuthorizationApplication.main(FakerWithAuthorizationApplication.java:10)
Caused by: java.lang.IllegalStateException: Logback configuration error detected: 
ERROR in ch.qos.logback.core.rolling.RollingFileAppender[Security] - 'FileNamePattern' option has the same value "./logs/archived/spring-boot-logger-%d{yyyy-MM-dd}.%i.log" as that given for appender [RollingFile] defined earlier.
ERROR in ch.qos.logback.core.rolling.RollingFileAppender[Security] - Collisions detected with FileAppender/RollingAppender instances defined earlier. Aborting.
ERROR in ch.qos.logback.core.rolling.RollingFileAppender[Security] - For more information, please visit http://logback.qos.ch/codes.html#earlier_fa_collision
	at org.springframework.boot.logging.logback.LogbackLoggingSystem.loadConfiguration(LogbackLoggingSystem.java:179)
	at org.springframework.boot.logging.AbstractLoggingSystem.initializeWithConventions(AbstractLoggingSystem.java:80)
	at org.springframework.boot.logging.AbstractLoggingSystem.initialize(AbstractLoggingSystem.java:60)
	at org.springframework.boot.logging.logback.LogbackLoggingSystem.initialize(LogbackLoggingSystem.java:132)
	at org.springframework.boot.context.logging.LoggingApplicationListener.initializeSystem(LoggingApplicationListener.java:329)
	... 18 common frames omitted
2022-12-06 16:43:19,372 INFO org.hibernate.validator.internal.util.Version [background-preinit] HV000001: Hibernate Validator 6.2.5.Final
2022-12-06 16:43:19,385 INFO org.springframework.boot.StartupInfoLogger [main] Starting FakerWithAuthorizationApplication using Java 17.0.2 on gtmA485 with PID 43614 (/home/gtm/Desktop/Esempla/JsonFakerAuth/target/classes started by gtm in /home/gtm/Desktop/Esempla/JsonFakerAuth)
2022-12-06 16:43:19,386 DEBUG org.springframework.boot.StartupInfoLogger [main] Running with Spring Boot v2.7.5, Spring v5.3.23
2022-12-06 16:43:19,387 INFO org.springframework.boot.SpringApplication [main] No active profile set, falling back to 1 default profile: "default"
2022-12-06 16:43:20,269 INFO org.springframework.data.repository.config.RepositoryConfigurationDelegate [main] Bootstrapping Spring Data JPA repositories in DEFAULT mode.
2022-12-06 16:43:20,335 INFO org.springframework.data.repository.config.RepositoryConfigurationDelegate [main] Finished Spring Data repository scanning in 57 ms. Found 6 JPA repository interfaces.
2022-12-06 16:43:20,989 INFO org.springframework.boot.web.embedded.tomcat.TomcatWebServer [main] Tomcat initialized with port(s): 8080 (http)
2022-12-06 16:43:20,997 INFO org.apache.juli.logging.DirectJDKLog [main] Initializing ProtocolHandler ["http-nio-8080"]
2022-12-06 16:43:20,998 INFO org.apache.juli.logging.DirectJDKLog [main] Starting service [Tomcat]
2022-12-06 16:43:20,998 INFO org.apache.juli.logging.DirectJDKLog [main] Starting Servlet engine: [Apache Tomcat/9.0.68]
2022-12-06 16:43:21,095 INFO org.apache.juli.logging.DirectJDKLog [main] Initializing Spring embedded WebApplicationContext
2022-12-06 16:43:21,096 INFO org.springframework.boot.web.servlet.context.ServletWebServerApplicationContext [main] Root WebApplicationContext: initialization completed in 1645 ms
2022-12-06 16:43:21,417 INFO com.zaxxer.hikari.HikariDataSource [main] HikariPool-1 - Starting...
2022-12-06 16:43:21,695 INFO com.zaxxer.hikari.HikariDataSource [main] HikariPool-1 - Start completed.
2022-12-06 16:43:21,877 INFO liquibase.logging.core.JavaLogger [main] Set default schema name to public
2022-12-06 16:43:22,032 INFO liquibase.logging.core.JavaLogger [main] Successfully acquired change log lock
2022-12-06 16:43:22,373 INFO liquibase.logging.core.JavaLogger [main] Reading from public.databasechangelog
2022-12-06 16:43:22,473 INFO liquibase.logging.core.JavaLogger [main] Successfully released change log lock
2022-12-06 16:43:22,553 INFO org.hibernate.jpa.internal.util.LogHelper [main] HHH000204: Processing PersistenceUnitInfo [name: default]
2022-12-06 16:43:22,609 INFO org.hibernate.Version [main] HHH000412: Hibernate ORM core version 5.6.12.Final
2022-12-06 16:43:22,782 INFO org.hibernate.annotations.common.reflection.java.JavaReflectionManager [main] HCANN000001: Hibernate Commons Annotations {5.1.2.Final}
2022-12-06 16:43:22,902 INFO org.hibernate.dialect.Dialect [main] HHH000400: Using dialect: org.hibernate.dialect.PostgreSQL10Dialect
2022-12-06 16:43:23,662 INFO org.hibernate.engine.transaction.jta.platform.internal.JtaPlatformInitiator [main] HHH000490: Using JtaPlatform implementation: [org.hibernate.engine.transaction.jta.platform.internal.NoJtaPlatform]
2022-12-06 16:43:23,671 INFO org.springframework.orm.jpa.AbstractEntityManagerFactoryBean [main] Initialized JPA EntityManagerFactory for persistence unit 'default'
2022-12-06 16:43:24,039 WARN org.springframework.boot.autoconfigure.orm.jpa.JpaBaseConfiguration$JpaWebConfiguration [main] spring.jpa.open-in-view is enabled by default. Therefore, database queries may be performed during view rendering. Explicitly configure spring.jpa.open-in-view to disable this warning
2022-12-06 16:43:24,665 INFO org.springframework.security.web.DefaultSecurityFilterChain [main] Will secure any request with [org.springframework.security.web.session.DisableEncodeUrlFilter@7f19430f, org.springframework.security.web.context.request.async.WebAsyncManagerIntegrationFilter@5e89e527, org.springframework.security.web.context.SecurityContextPersistenceFilter@4f2a0909, org.springframework.security.web.header.HeaderWriterFilter@23974cac, org.springframework.web.filter.CorsFilter@41f84bb1, org.springframework.security.web.authentication.logout.LogoutFilter@30a99b85, com.example.fakerwithauthorization.security.jwt.AuthTokenFilter@158cb50a, org.springframework.security.web.savedrequest.RequestCacheAwareFilter@62ad5f35, org.springframework.security.web.servletapi.SecurityContextHolderAwareRequestFilter@56728f48, org.springframework.security.web.authentication.AnonymousAuthenticationFilter@5013c6bc, org.springframework.security.web.session.SessionManagementFilter@55b5ce0f, org.springframework.security.web.access.ExceptionTranslationFilter@3d6c7152, org.springframework.security.web.access.intercept.FilterSecurityInterceptor@2735a7dc]
2022-12-06 16:43:24,959 INFO org.apache.juli.logging.DirectJDKLog [main] Starting ProtocolHandler ["http-nio-8080"]
2022-12-06 16:43:24,974 INFO org.springframework.boot.web.embedded.tomcat.TomcatWebServer [main] Tomcat started on port(s): 8080 (http) with context path ''
2022-12-06 16:43:24,986 INFO org.springframework.boot.StartupInfoLogger [main] Started FakerWithAuthorizationApplication in 6.264 seconds (JVM running for 7.052)
2022-12-06 16:45:06,812 INFO org.springframework.orm.jpa.AbstractEntityManagerFactoryBean [SpringApplicationShutdownHook] Closing JPA EntityManagerFactory for persistence unit 'default'
2022-12-06 16:45:06,814 INFO com.zaxxer.hikari.HikariDataSource [SpringApplicationShutdownHook] HikariPool-1 - Shutdown initiated...
2022-12-06 16:45:06,828 INFO com.zaxxer.hikari.HikariDataSource [SpringApplicationShutdownHook] HikariPool-1 - Shutdown completed.
2022-12-06 16:45:10,227 INFO org.hibernate.validator.internal.util.Version [background-preinit] HV000001: Hibernate Validator 6.2.5.Final
2022-12-06 16:45:10,245 INFO org.springframework.boot.StartupInfoLogger [main] Starting FakerWithAuthorizationApplication using Java 17.0.2 on gtmA485 with PID 43910 (/home/gtm/Desktop/Esempla/JsonFakerAuth/target/classes started by gtm in /home/gtm/Desktop/Esempla/JsonFakerAuth)
2022-12-06 16:45:10,246 DEBUG org.springframework.boot.StartupInfoLogger [main] Running with Spring Boot v2.7.5, Spring v5.3.23
2022-12-06 16:45:10,248 INFO org.springframework.boot.SpringApplication [main] No active profile set, falling back to 1 default profile: "default"
2022-12-06 16:45:11,060 INFO org.springframework.data.repository.config.RepositoryConfigurationDelegate [main] Bootstrapping Spring Data JPA repositories in DEFAULT mode.
2022-12-06 16:45:11,159 INFO org.springframework.data.repository.config.RepositoryConfigurationDelegate [main] Finished Spring Data repository scanning in 90 ms. Found 6 JPA repository interfaces.
2022-12-06 16:45:11,811 INFO org.springframework.boot.web.embedded.tomcat.TomcatWebServer [main] Tomcat initialized with port(s): 8080 (http)
2022-12-06 16:45:11,820 INFO org.apache.juli.logging.DirectJDKLog [main] Initializing ProtocolHandler ["http-nio-8080"]
2022-12-06 16:45:11,820 INFO org.apache.juli.logging.DirectJDKLog [main] Starting service [Tomcat]
2022-12-06 16:45:11,820 INFO org.apache.juli.logging.DirectJDKLog [main] Starting Servlet engine: [Apache Tomcat/9.0.68]
2022-12-06 16:45:11,905 INFO org.apache.juli.logging.DirectJDKLog [main] Initializing Spring embedded WebApplicationContext
2022-12-06 16:45:11,905 INFO org.springframework.boot.web.servlet.context.ServletWebServerApplicationContext [main] Root WebApplicationContext: initialization completed in 1592 ms
2022-12-06 16:45:12,241 INFO com.zaxxer.hikari.HikariDataSource [main] HikariPool-1 - Starting...
2022-12-06 16:45:12,551 INFO com.zaxxer.hikari.HikariDataSource [main] HikariPool-1 - Start completed.
2022-12-06 16:45:12,727 INFO liquibase.logging.core.JavaLogger [main] Set default schema name to public
2022-12-06 16:45:12,860 INFO liquibase.logging.core.JavaLogger [main] Successfully acquired change log lock
2022-12-06 16:45:13,224 INFO liquibase.logging.core.JavaLogger [main] Reading from public.databasechangelog
2022-12-06 16:45:13,313 INFO liquibase.logging.core.JavaLogger [main] Successfully released change log lock
2022-12-06 16:45:13,392 INFO org.hibernate.jpa.internal.util.LogHelper [main] HHH000204: Processing PersistenceUnitInfo [name: default]
2022-12-06 16:45:13,435 INFO org.hibernate.Version [main] HHH000412: Hibernate ORM core version 5.6.12.Final
2022-12-06 16:45:13,589 INFO org.hibernate.annotations.common.reflection.java.JavaReflectionManager [main] HCANN000001: Hibernate Commons Annotations {5.1.2.Final}
2022-12-06 16:45:13,707 INFO org.hibernate.dialect.Dialect [main] HHH000400: Using dialect: org.hibernate.dialect.PostgreSQL10Dialect
2022-12-06 16:45:14,473 INFO org.hibernate.engine.transaction.jta.platform.internal.JtaPlatformInitiator [main] HHH000490: Using JtaPlatform implementation: [org.hibernate.engine.transaction.jta.platform.internal.NoJtaPlatform]
2022-12-06 16:45:14,481 INFO org.springframework.orm.jpa.AbstractEntityManagerFactoryBean [main] Initialized JPA EntityManagerFactory for persistence unit 'default'
2022-12-06 16:45:14,871 WARN org.springframework.boot.autoconfigure.orm.jpa.JpaBaseConfiguration$JpaWebConfiguration [main] spring.jpa.open-in-view is enabled by default. Therefore, database queries may be performed during view rendering. Explicitly configure spring.jpa.open-in-view to disable this warning
2022-12-06 16:45:15,492 INFO org.springframework.security.web.DefaultSecurityFilterChain [main] Will secure any request with [org.springframework.security.web.session.DisableEncodeUrlFilter@53c0424a, org.springframework.security.web.context.request.async.WebAsyncManagerIntegrationFilter@2d6cbbdb, org.springframework.security.web.context.SecurityContextPersistenceFilter@48cebb78, org.springframework.security.web.header.HeaderWriterFilter@23974cac, org.springframework.web.filter.CorsFilter@408a0e92, org.springframework.security.web.authentication.logout.LogoutFilter@18ed8b75, com.example.fakerwithauthorization.security.jwt.AuthTokenFilter@158cb50a, org.springframework.security.web.savedrequest.RequestCacheAwareFilter@4ad57db1, org.springframework.security.web.servletapi.SecurityContextHolderAwareRequestFilter@313a3af8, org.springframework.security.web.authentication.AnonymousAuthenticationFilter@2d18d9ed, org.springframework.security.web.session.SessionManagementFilter@568e2d65, org.springframework.security.web.access.ExceptionTranslationFilter@3d6c7152, org.springframework.security.web.access.intercept.FilterSecurityInterceptor@5013c6bc]
2022-12-06 16:45:15,778 INFO org.apache.juli.logging.DirectJDKLog [main] Starting ProtocolHandler ["http-nio-8080"]
2022-12-06 16:45:15,792 INFO org.springframework.boot.web.embedded.tomcat.TomcatWebServer [main] Tomcat started on port(s): 8080 (http) with context path ''
2022-12-06 16:45:15,804 INFO org.springframework.boot.StartupInfoLogger [main] Started FakerWithAuthorizationApplication in 6.237 seconds (JVM running for 7.013)
2022-12-06 17:24:01,979 INFO org.springframework.orm.jpa.AbstractEntityManagerFactoryBean [SpringApplicationShutdownHook] Closing JPA EntityManagerFactory for persistence unit 'default'
2022-12-06 17:24:01,982 INFO com.zaxxer.hikari.HikariDataSource [SpringApplicationShutdownHook] HikariPool-1 - Shutdown initiated...
2022-12-06 17:24:01,992 INFO com.zaxxer.hikari.HikariDataSource [SpringApplicationShutdownHook] HikariPool-1 - Shutdown completed.
2022-12-06 17:31:31,565 INFO org.hibernate.validator.internal.util.Version [background-preinit] HV000001: Hibernate Validator 6.2.5.Final
2022-12-06 17:31:31,566 INFO org.springframework.boot.StartupInfoLogger [main] Starting FakerWithAuthorizationApplication using Java 17.0.2 on gtmA485 with PID 48658 (/home/gtm/Desktop/Esempla/JsonFakerAuth/target/classes started by gtm in /home/gtm/Desktop/Esempla/JsonFakerAuth)
2022-12-06 17:31:31,570 DEBUG org.springframework.boot.StartupInfoLogger [main] Running with Spring Boot v2.7.5, Spring v5.3.23
2022-12-06 17:31:31,573 INFO org.springframework.boot.SpringApplication [main] No active profile set, falling back to 1 default profile: "default"
2022-12-06 17:31:32,511 INFO org.springframework.data.repository.config.RepositoryConfigurationDelegate [main] Bootstrapping Spring Data JPA repositories in DEFAULT mode.
2022-12-06 17:31:32,586 INFO org.springframework.data.repository.config.RepositoryConfigurationDelegate [main] Finished Spring Data repository scanning in 66 ms. Found 6 JPA repository interfaces.
2022-12-06 17:31:33,308 INFO org.springframework.boot.web.embedded.tomcat.TomcatWebServer [main] Tomcat initialized with port(s): 8080 (http)
2022-12-06 17:31:33,317 INFO org.apache.juli.logging.DirectJDKLog [main] Initializing ProtocolHandler ["http-nio-8080"]
2022-12-06 17:31:33,318 INFO org.apache.juli.logging.DirectJDKLog [main] Starting service [Tomcat]
2022-12-06 17:31:33,318 INFO org.apache.juli.logging.DirectJDKLog [main] Starting Servlet engine: [Apache Tomcat/9.0.68]
2022-12-06 17:31:33,459 INFO org.apache.juli.logging.DirectJDKLog [main] Initializing Spring embedded WebApplicationContext
2022-12-06 17:31:33,459 INFO org.springframework.boot.web.servlet.context.ServletWebServerApplicationContext [main] Root WebApplicationContext: initialization completed in 1807 ms
2022-12-06 17:31:33,809 INFO com.zaxxer.hikari.HikariDataSource [main] HikariPool-1 - Starting...
2022-12-06 17:31:34,262 INFO com.zaxxer.hikari.HikariDataSource [main] HikariPool-1 - Start completed.
2022-12-06 17:31:34,537 INFO liquibase.logging.core.JavaLogger [main] Set default schema name to public
2022-12-06 17:31:34,664 INFO liquibase.logging.core.JavaLogger [main] Successfully acquired change log lock
2022-12-06 17:31:35,045 INFO liquibase.logging.core.JavaLogger [main] Reading from public.databasechangelog
2022-12-06 17:31:35,157 INFO liquibase.logging.core.JavaLogger [main] Successfully released change log lock
2022-12-06 17:31:35,239 INFO org.hibernate.jpa.internal.util.LogHelper [main] HHH000204: Processing PersistenceUnitInfo [name: default]
2022-12-06 17:31:35,299 INFO org.hibernate.Version [main] HHH000412: Hibernate ORM core version 5.6.12.Final
2022-12-06 17:31:35,456 INFO org.hibernate.annotations.common.reflection.java.JavaReflectionManager [main] HCANN000001: Hibernate Commons Annotations {5.1.2.Final}
2022-12-06 17:31:35,629 INFO org.hibernate.dialect.Dialect [main] HHH000400: Using dialect: org.hibernate.dialect.PostgreSQL10Dialect
2022-12-06 17:31:36,434 INFO org.hibernate.engine.transaction.jta.platform.internal.JtaPlatformInitiator [main] HHH000490: Using JtaPlatform implementation: [org.hibernate.engine.transaction.jta.platform.internal.NoJtaPlatform]
2022-12-06 17:31:36,443 INFO org.springframework.orm.jpa.AbstractEntityManagerFactoryBean [main] Initialized JPA EntityManagerFactory for persistence unit 'default'
2022-12-06 17:31:36,867 WARN org.springframework.boot.autoconfigure.orm.jpa.JpaBaseConfiguration$JpaWebConfiguration [main] spring.jpa.open-in-view is enabled by default. Therefore, database queries may be performed during view rendering. Explicitly configure spring.jpa.open-in-view to disable this warning
2022-12-06 17:31:37,498 INFO org.springframework.security.web.DefaultSecurityFilterChain [main] Will secure any request with [org.springframework.security.web.session.DisableEncodeUrlFilter@7b897456, org.springframework.security.web.context.request.async.WebAsyncManagerIntegrationFilter@4dcc0e3d, org.springframework.security.web.context.SecurityContextPersistenceFilter@14927cd4, org.springframework.security.web.header.HeaderWriterFilter@37c49a55, org.springframework.web.filter.CorsFilter@7fecc26f, org.springframework.security.web.authentication.logout.LogoutFilter@55b5ce0f, com.example.fakerwithauthorization.security.jwt.AuthTokenFilter@7f97e963, org.springframework.security.web.savedrequest.RequestCacheAwareFilter@1eaf4e77, org.springframework.security.web.servletapi.SecurityContextHolderAwareRequestFilter@121b7a95, org.springframework.security.web.authentication.AnonymousAuthenticationFilter@402adc9c, org.springframework.security.web.session.SessionManagementFilter@66450129, org.springframework.security.web.access.ExceptionTranslationFilter@54d116d5, org.springframework.security.web.access.intercept.FilterSecurityInterceptor@74597c37]
2022-12-06 17:31:37,820 INFO org.apache.juli.logging.DirectJDKLog [main] Starting ProtocolHandler ["http-nio-8080"]
2022-12-06 17:31:37,853 INFO org.springframework.boot.web.embedded.tomcat.TomcatWebServer [main] Tomcat started on port(s): 8080 (http) with context path ''
2022-12-06 17:31:37,865 INFO org.springframework.boot.StartupInfoLogger [main] Started FakerWithAuthorizationApplication in 7.062 seconds (JVM running for 8.248)
2022-12-06 17:32:21,818 INFO org.apache.juli.logging.DirectJDKLog [http-nio-8080-exec-2] Initializing Spring DispatcherServlet 'dispatcherServlet'
2022-12-06 17:32:21,819 INFO org.springframework.web.servlet.FrameworkServlet [http-nio-8080-exec-2] Initializing Servlet 'dispatcherServlet'
2022-12-06 17:32:21,821 INFO org.springframework.web.servlet.FrameworkServlet [http-nio-8080-exec-2] Completed initialization in 2 ms
2022-12-06 17:32:35,355 ERROR com.example.fakerwithauthorization.security.jwt.JwtUtils [http-nio-8080-exec-3] JWT token is expired: JWT expired at 2022-12-05T12:03:40Z. Current time: 2022-12-06T17:32:35Z, a difference of 106135354 milliseconds.  Allowed clock skew: 0 milliseconds.
2022-12-06 17:32:35,356 ERROR com.example.fakerwithauthorization.security.jwt.AuthEntryPointJwt [http-nio-8080-exec-3] Unauthorized error: Full authentication is required to access this resource
2022-12-06 17:35:42,944 INFO org.springframework.orm.jpa.AbstractEntityManagerFactoryBean [SpringApplicationShutdownHook] Closing JPA EntityManagerFactory for persistence unit 'default'
2022-12-06 17:35:42,948 INFO com.zaxxer.hikari.HikariDataSource [SpringApplicationShutdownHook] HikariPool-1 - Shutdown initiated...
2022-12-06 17:35:42,966 INFO com.zaxxer.hikari.HikariDataSource [SpringApplicationShutdownHook] HikariPool-1 - Shutdown completed.
2022-12-10 14:18:10,788 INFO org.hibernate.validator.internal.util.Version [background-preinit] HV000001: Hibernate Validator 6.2.5.Final
2022-12-10 14:18:10,814 INFO org.springframework.boot.StartupInfoLogger [main] Starting FakerWithAuthorizationApplication using Java 17.0.2 on gtmA485 with PID 20208 (/home/gtm/Desktop/JsonFakerAuth/target/classes started by gtm in /home/gtm/Desktop/JsonFakerAuth)
2022-12-10 14:18:10,816 DEBUG org.springframework.boot.StartupInfoLogger [main] Running with Spring Boot v2.7.5, Spring v5.3.23
2022-12-10 14:18:10,817 INFO org.springframework.boot.SpringApplication [main] The following 1 profile is active: "dev"
2022-12-10 14:18:11,785 INFO org.springframework.data.repository.config.RepositoryConfigurationDelegate [main] Bootstrapping Spring Data JPA repositories in DEFAULT mode.
2022-12-10 14:18:11,863 INFO org.springframework.data.repository.config.RepositoryConfigurationDelegate [main] Finished Spring Data repository scanning in 69 ms. Found 6 JPA repository interfaces.
2022-12-10 14:18:12,607 INFO org.springframework.boot.web.embedded.tomcat.TomcatWebServer [main] Tomcat initialized with port(s): 8080 (http)
2022-12-10 14:18:12,623 INFO org.apache.juli.logging.DirectJDKLog [main] Initializing ProtocolHandler ["http-nio-8080"]
2022-12-10 14:18:12,624 INFO org.apache.juli.logging.DirectJDKLog [main] Starting service [Tomcat]
2022-12-10 14:18:12,626 INFO org.apache.juli.logging.DirectJDKLog [main] Starting Servlet engine: [Apache Tomcat/9.0.68]
2022-12-10 14:18:12,793 INFO org.apache.juli.logging.DirectJDKLog [main] Initializing Spring embedded WebApplicationContext
2022-12-10 14:18:12,793 INFO org.springframework.boot.web.servlet.context.ServletWebServerApplicationContext [main] Root WebApplicationContext: initialization completed in 1854 ms
2022-12-10 14:18:13,283 INFO com.zaxxer.hikari.HikariDataSource [main] HikariPool-1 - Starting...
2022-12-10 14:18:13,788 INFO com.zaxxer.hikari.HikariDataSource [main] HikariPool-1 - Start completed.
2022-12-10 14:18:14,048 INFO liquibase.logging.core.JavaLogger [main] Set default schema name to public
2022-12-10 14:18:14,158 INFO liquibase.logging.core.JavaLogger [main] Successfully acquired change log lock
2022-12-10 14:18:14,719 INFO liquibase.logging.core.JavaLogger [main] Reading from public.databasechangelog
2022-12-10 14:18:14,805 INFO liquibase.logging.core.JavaLogger [main] Successfully released change log lock
2022-12-10 14:18:14,883 INFO org.hibernate.jpa.internal.util.LogHelper [main] HHH000204: Processing PersistenceUnitInfo [name: default]
2022-12-10 14:18:14,955 INFO org.hibernate.Version [main] HHH000412: Hibernate ORM core version 5.6.12.Final
2022-12-10 14:18:15,144 INFO org.hibernate.annotations.common.reflection.java.JavaReflectionManager [main] HCANN000001: Hibernate Commons Annotations {5.1.2.Final}
2022-12-10 14:18:15,358 INFO org.hibernate.dialect.Dialect [main] HHH000400: Using dialect: org.hibernate.dialect.PostgreSQL10Dialect
2022-12-10 14:18:16,500 INFO org.hibernate.engine.transaction.jta.platform.internal.JtaPlatformInitiator [main] HHH000490: Using JtaPlatform implementation: [org.hibernate.engine.transaction.jta.platform.internal.NoJtaPlatform]
2022-12-10 14:18:16,509 INFO org.springframework.orm.jpa.AbstractEntityManagerFactoryBean [main] Initialized JPA EntityManagerFactory for persistence unit 'default'
2022-12-10 14:18:17,092 WARN org.springframework.boot.autoconfigure.orm.jpa.JpaBaseConfiguration$JpaWebConfiguration [main] spring.jpa.open-in-view is enabled by default. Therefore, database queries may be performed during view rendering. Explicitly configure spring.jpa.open-in-view to disable this warning
2022-12-10 14:18:18,098 INFO org.springframework.security.web.DefaultSecurityFilterChain [main] Will secure any request with [org.springframework.security.web.session.DisableEncodeUrlFilter@2b8f5aa4, org.springframework.security.web.context.request.async.WebAsyncManagerIntegrationFilter@7d0e46dd, org.springframework.security.web.context.SecurityContextPersistenceFilter@5a106b26, org.springframework.security.web.header.HeaderWriterFilter@13e6ab86, org.springframework.web.filter.CorsFilter@318353, org.springframework.security.web.authentication.logout.LogoutFilter@57eb2555, com.example.fakerwithauthorization.security.jwt.AuthTokenFilter@2dc72c0c, org.springframework.security.web.savedrequest.RequestCacheAwareFilter@16eca98a, org.springframework.security.web.servletapi.SecurityContextHolderAwareRequestFilter@7a79a5d6, org.springframework.security.web.authentication.AnonymousAuthenticationFilter@2cd6fae8, org.springframework.security.web.session.SessionManagementFilter@14f1545c, org.springframework.security.web.access.ExceptionTranslationFilter@7057d9f4, org.springframework.security.web.access.intercept.FilterSecurityInterceptor@4101e146]
2022-12-10 14:18:18,445 INFO org.apache.juli.logging.DirectJDKLog [main] Starting ProtocolHandler ["http-nio-8080"]
2022-12-10 14:18:18,471 INFO org.springframework.boot.web.embedded.tomcat.TomcatWebServer [main] Tomcat started on port(s): 8080 (http) with context path ''
2022-12-10 14:18:18,496 INFO org.springframework.boot.StartupInfoLogger [main] Started FakerWithAuthorizationApplication in 8.556 seconds (JVM running for 10.019)
2022-12-10 14:23:53,915 INFO org.springframework.orm.jpa.AbstractEntityManagerFactoryBean [SpringApplicationShutdownHook] Closing JPA EntityManagerFactory for persistence unit 'default'
2022-12-10 14:23:53,917 INFO com.zaxxer.hikari.HikariDataSource [SpringApplicationShutdownHook] HikariPool-1 - Shutdown initiated...
2022-12-10 14:23:53,932 INFO com.zaxxer.hikari.HikariDataSource [SpringApplicationShutdownHook] HikariPool-1 - Shutdown completed.
